
❯ ./configure --prefix=/opt/nginx \                                                                                                                                                                                            master ◼
>   --sbin-path=/opt/nginx/bin/nginx \
>   --modules-path=/opt/nginx/modules \
>   --conf-path=/opt/nginx/conf/nginx.conf \
>   --error-log-path=/opt/nginx/log/error.log \
>   --pid-path=/opt/nginx/run/nginx.pid \
>   --lock-path=/opt/nginx/run/nginx.lock \
>   --user=nginx \
>   --group=nginx \
>   --with-select_module \
>   --with-poll_module \
>   --with-threads \
>   --with-file-aio \
>   --with-http_ssl_module \
>   --with-http_v2_module \
>   --with-http_realip_module \
>   --with-http_addition_module \
>   --with-http_xslt_module=dynamic \
>   --with-http_image_filter_module=dynamic \
>   --with-http_geoip_module=dynamic \
>   --with-http_sub_module \
>   --with-http_dav_module \
>   --with-http_flv_module \
>   --with-http_mp4_module \
>   --with-http_gunzip_module \
>   --with-http_gzip_static_module \
>   --with-http_auth_request_module \
>   --with-http_random_index_module \
>   --with-http_secure_link_module \
>   --with-http_degradation_module \
>   --with-http_slice_module \
>   --with-http_stub_status_module \
>   --with-http_perl_module=dynamic \
>   --with-perl_modules_path=/opt/perl \
>   --with-perl=/opt/perl/bin/perl \
>   --http-log-path=/opt/nginx/log/access.log \
>   --http-client-body-temp-path=/opt/nginx/cache/client_temp \
>   --http-proxy-temp-path=/opt/nginx/cache/proxy_temp \
>   --http-fastcgi-temp-path=/opt/nginx/cache/fastcgi_temp \
>   --http-uwsgi-temp-path=/opt/nginx/cache/uwsgi_temp \
>   --http-scgi-temp-path=/opt/nginx/cache/scgi_temp \
>   --with-mail=dynamic \
>   --with-mail_ssl_module \
>   --with-stream \
>   --with-stream_ssl_module \
>   --with-stream_realip_module \
>   --with-stream_geoip_module=dynamic \
>   --with-stream_ssl_preread_module \
>   --with-compat \
>   --with-cc-opt="-Wimplicit-fallthrough=0" \
>   --with-pcre=/opt/pcre/archive/source/pcre-8.44 \
>   --with-zlib=/opt/zlib/archive/source/zlib-1.2.11 \
>   --with-openssl=/opt/openssl/archive/source/openssl-1.1.1d \
>   --add-module=/opt/nginx/archive/source/nginx-rtmp-module-1.2.1 \
>   --add-module=/opt/nginx/archive/source/njs-0.4.3/nginx
checking for OS
 + Linux 4.19.0-8-amd64 x86_64
checking for C compiler ... found
 + using GNU C compiler
 + gcc version: 8.3.0 (Debian 8.3.0-6) 
checking for gcc -pipe switch ... found
checking for -Wl,-E switch ... found
checking for gcc builtin atomic operations ... found
checking for C99 variadic macros ... found
checking for gcc variadic macros ... found
checking for gcc builtin 64 bit byteswap ... found
checking for unistd.h ... found
checking for inttypes.h ... found
checking for limits.h ... found
checking for sys/filio.h ... not found
checking for sys/param.h ... found
checking for sys/mount.h ... found
checking for sys/statvfs.h ... found
checking for crypt.h ... found
checking for Linux specific features
checking for epoll ... found
checking for EPOLLRDHUP ... found
checking for EPOLLEXCLUSIVE ... found
checking for O_PATH ... found
checking for sendfile() ... found
checking for sendfile64() ... found
checking for sys/prctl.h ... found
checking for prctl(PR_SET_DUMPABLE) ... found
checking for prctl(PR_SET_KEEPCAPS) ... found
checking for capabilities ... found
checking for crypt_r() ... found
checking for sys/vfs.h ... found
checking for poll() ... found
checking for /dev/poll ... not found
checking for kqueue ... not found
checking for crypt() ... not found
checking for crypt() in libcrypt ... found
checking for F_READAHEAD ... not found
checking for posix_fadvise() ... found
checking for O_DIRECT ... found
checking for F_NOCACHE ... not found
checking for directio() ... not found
checking for statfs() ... found
checking for statvfs() ... found
checking for dlopen() ... not found
checking for dlopen() in libdl ... found
checking for sched_yield() ... found
checking for sched_setaffinity() ... found
checking for SO_SETFIB ... not found
checking for SO_REUSEPORT ... found
checking for SO_ACCEPTFILTER ... not found
checking for SO_BINDANY ... not found
checking for IP_TRANSPARENT ... found
checking for IP_BINDANY ... not found
checking for IP_BIND_ADDRESS_NO_PORT ... found
checking for IP_RECVDSTADDR ... not found
checking for IP_SENDSRCADDR ... not found
checking for IP_PKTINFO ... found
checking for IPV6_RECVPKTINFO ... found
checking for TCP_DEFER_ACCEPT ... found
checking for TCP_KEEPIDLE ... found
checking for TCP_FASTOPEN ... found
checking for TCP_INFO ... found
checking for accept4() ... found
checking for kqueue AIO support ... not found
checking for Linux AIO support ... found
checking for int size ... 4 bytes
checking for long size ... 8 bytes
checking for long long size ... 8 bytes
checking for void * size ... 8 bytes
checking for uint32_t ... found
checking for uint64_t ... found
checking for sig_atomic_t ... found
checking for sig_atomic_t size ... 4 bytes
checking for socklen_t ... found
checking for in_addr_t ... found
checking for in_port_t ... found
checking for rlim_t ... found
checking for uintptr_t ... uintptr_t found
checking for system byte ordering ... little endian
checking for size_t size ... 8 bytes
checking for off_t size ... 8 bytes
checking for time_t size ... 8 bytes
checking for AF_INET6 ... found
checking for setproctitle() ... not found
checking for pread() ... found
checking for pwrite() ... found
checking for pwritev() ... found
checking for sys_nerr ... found
checking for localtime_r() ... found
checking for clock_gettime(CLOCK_MONOTONIC) ... found
checking for posix_memalign() ... found
checking for memalign() ... found
checking for mmap(MAP_ANON|MAP_SHARED) ... found
checking for mmap("/dev/zero", MAP_SHARED) ... found
checking for System V shared memory ... found
checking for POSIX semaphores ... not found
checking for POSIX semaphores in libpthread ... found
checking for struct msghdr.msg_control ... found
checking for ioctl(FIONBIO) ... found
checking for ioctl(FIONREAD) ... found
checking for struct tm.tm_gmtoff ... found
checking for struct dirent.d_namlen ... not found
checking for struct dirent.d_type ... found
checking for sysconf(_SC_NPROCESSORS_ONLN) ... found
checking for sysconf(_SC_LEVEL1_DCACHE_LINESIZE) ... found
checking for openat(), fstatat() ... found
checking for getaddrinfo() ... found
configuring additional modules
adding module in /opt/nginx/archive/source/nginx-rtmp-module-1.2.1
 + ngx_rtmp_module was configured
adding module in /opt/nginx/archive/source/njs-0.4.3/nginx
 + ngx_js_module was configured
checking for libxslt ... found
checking for libexslt ... found
checking for GD library ... found
checking for GD WebP support ... found
checking for perl
 + perl version: This is perl 5, version 32, subversion 0 (v5.32.0) built for x86_64-linux-thread-multi
 + perl interpreter multiplicity found
checking for GeoIP library ... found
checking for GeoIP IPv6 support ... found
creating objs/Makefile

Configuration summary
  + using threads
  + using PCRE library: /opt/pcre/archive/source/pcre-8.44
  + using OpenSSL library: /opt/openssl/archive/source/openssl-1.1.1d
  + using zlib library: /opt/zlib/archive/source/zlib-1.2.11

  nginx path prefix: "/opt/nginx"
  nginx binary file: "/opt/nginx/bin/nginx"
  nginx modules path: "/opt/nginx/modules"
  nginx configuration prefix: "/opt/nginx/conf"
  nginx configuration file: "/opt/nginx/conf/nginx.conf"
  nginx pid file: "/opt/nginx/run/nginx.pid"
  nginx error log file: "/opt/nginx/log/error.log"
  nginx http access log file: "/opt/nginx/log/access.log"
  nginx http client request body temporary files: "/opt/nginx/cache/client_temp"
  nginx http proxy temporary files: "/opt/nginx/cache/proxy_temp"
  nginx http fastcgi temporary files: "/opt/nginx/cache/fastcgi_temp"
  nginx http uwsgi temporary files: "/opt/nginx/cache/uwsgi_temp"
  nginx http scgi temporary files: "/opt/nginx/cache/scgi_temp"

